2020-07-15 16:50:56,257:INFO: Preparing dataset...
2020-07-15 16:50:56,265:INFO: Dictionary size: 4158 (added special tokens)
2020-07-15 16:50:56,957:WARNING: Layer Enc-LSTM will not use cuDNN kernel since it doesn't meet the cuDNN kernel criteria. It will use generic GPU kernel as fallback when running on GPU
2020-07-15 16:50:56,960:WARNING: Layer Dec-LSTM will not use cuDNN kernel since it doesn't meet the cuDNN kernel criteria. It will use generic GPU kernel as fallback when running on GPU
2020-07-15 16:50:57,312:INFO: Initializing from scratch...
2020-07-15 16:50:57,312:INFO: Training...
2020-07-15 16:50:58,719:INFO: --- Epoch 1/60 Batch 10 ---
2020-07-15 16:50:58,719:INFO: Loss 5.3137
2020-07-15 16:50:59,973:INFO: --- Epoch 1/60 Batch 20 ---
2020-07-15 16:50:59,973:INFO: Loss 4.5663
2020-07-15 16:51:01,365:INFO: --- Epoch 2/60 Batch 10 ---
2020-07-15 16:51:01,365:INFO: Loss 3.6329
2020-07-15 16:51:02,670:INFO: --- Epoch 2/60 Batch 20 ---
2020-07-15 16:51:02,670:INFO: Loss 3.6958
2020-07-15 16:51:04,043:INFO: --- Epoch 3/60 Batch 10 ---
2020-07-15 16:51:04,043:INFO: Loss 3.2972
2020-07-15 16:51:05,314:INFO: --- Epoch 3/60 Batch 20 ---
2020-07-15 16:51:05,314:INFO: Loss 3.3372
2020-07-15 16:51:06,690:INFO: --- Epoch 4/60 Batch 10 ---
2020-07-15 16:51:06,690:INFO: Loss 3.1714
2020-07-15 16:51:07,977:INFO: --- Epoch 4/60 Batch 20 ---
2020-07-15 16:51:07,977:INFO: Loss 3.3032
2020-07-15 16:51:09,360:INFO: --- Epoch 5/60 Batch 10 ---
2020-07-15 16:51:09,360:INFO: Loss 3.1106
2020-07-15 16:51:10,613:INFO: --- Epoch 5/60 Batch 20 ---
2020-07-15 16:51:10,613:INFO: Loss 3.2667
2020-07-15 16:51:12,006:INFO: --- Epoch 6/60 Batch 10 ---
2020-07-15 16:51:12,006:INFO: Loss 2.8601
2020-07-15 16:51:13,306:INFO: --- Epoch 6/60 Batch 20 ---
2020-07-15 16:51:13,306:INFO: Loss 2.9369
2020-07-15 16:51:14,681:INFO: --- Epoch 7/60 Batch 10 ---
2020-07-15 16:51:14,681:INFO: Loss 2.8255
2020-07-15 16:51:15,951:INFO: --- Epoch 7/60 Batch 20 ---
2020-07-15 16:51:15,951:INFO: Loss 2.8758
2020-07-15 16:51:17,339:INFO: --- Epoch 8/60 Batch 10 ---
2020-07-15 16:51:17,339:INFO: Loss 2.6660
2020-07-15 16:51:18,639:INFO: --- Epoch 8/60 Batch 20 ---
2020-07-15 16:51:18,640:INFO: Loss 2.8533
2020-07-15 16:51:20,050:INFO: --- Epoch 9/60 Batch 10 ---
2020-07-15 16:51:20,050:INFO: Loss 2.6324
2020-07-15 16:51:21,316:INFO: --- Epoch 9/60 Batch 20 ---
2020-07-15 16:51:21,317:INFO: Loss 2.6871
2020-07-15 16:51:22,700:INFO: --- Epoch 10/60 Batch 10 ---
2020-07-15 16:51:22,700:INFO: Loss 2.5183
2020-07-15 16:51:24,000:INFO: --- Epoch 10/60 Batch 20 ---
2020-07-15 16:51:24,000:INFO: Loss 2.6106
2020-07-15 16:51:25,376:INFO: --- Epoch 11/60 Batch 10 ---
2020-07-15 16:51:25,376:INFO: Loss 2.4307
2020-07-15 16:51:26,643:INFO: --- Epoch 11/60 Batch 20 ---
2020-07-15 16:51:26,643:INFO: Loss 2.5788
2020-07-15 16:51:28,029:INFO: --- Epoch 12/60 Batch 10 ---
2020-07-15 16:51:28,029:INFO: Loss 2.3994
2020-07-15 16:51:29,296:INFO: --- Epoch 12/60 Batch 20 ---
2020-07-15 16:51:29,296:INFO: Loss 2.5138
2020-07-15 16:51:30,709:INFO: --- Epoch 13/60 Batch 10 ---
2020-07-15 16:51:30,709:INFO: Loss 2.3769
2020-07-15 16:51:31,982:INFO: --- Epoch 13/60 Batch 20 ---
2020-07-15 16:51:31,982:INFO: Loss 2.4751
2020-07-15 16:51:33,362:INFO: --- Epoch 14/60 Batch 10 ---
2020-07-15 16:51:33,362:INFO: Loss 2.3042
2020-07-15 16:51:34,645:INFO: --- Epoch 14/60 Batch 20 ---
2020-07-15 16:51:34,645:INFO: Loss 2.4095
2020-07-15 16:51:36,071:INFO: --- Epoch 15/60 Batch 10 ---
2020-07-15 16:51:36,071:INFO: Loss 2.2335
2020-07-15 16:51:37,339:INFO: --- Epoch 15/60 Batch 20 ---
2020-07-15 16:51:37,339:INFO: Loss 2.3822
2020-07-15 16:51:38,736:INFO: --- Epoch 16/60 Batch 10 ---
2020-07-15 16:51:38,737:INFO: Loss 2.1768
2020-07-15 16:51:40,055:INFO: --- Epoch 16/60 Batch 20 ---
2020-07-15 16:51:40,055:INFO: Loss 2.3233
2020-07-15 16:51:41,481:INFO: --- Epoch 17/60 Batch 10 ---
2020-07-15 16:51:41,481:INFO: Loss 2.1710
2020-07-15 16:51:42,749:INFO: --- Epoch 17/60 Batch 20 ---
2020-07-15 16:51:42,749:INFO: Loss 2.2530
2020-07-15 16:51:44,129:INFO: --- Epoch 18/60 Batch 10 ---
2020-07-15 16:51:44,129:INFO: Loss 2.1190
2020-07-15 16:51:45,402:INFO: --- Epoch 18/60 Batch 20 ---
2020-07-15 16:51:45,402:INFO: Loss 2.2954
2020-07-15 16:51:46,821:INFO: --- Epoch 19/60 Batch 10 ---
2020-07-15 16:51:46,821:INFO: Loss 2.0423
2020-07-15 16:51:48,086:INFO: --- Epoch 19/60 Batch 20 ---
2020-07-15 16:51:48,086:INFO: Loss 2.1767
2020-07-15 16:51:49,477:INFO: --- Epoch 20/60 Batch 10 ---
2020-07-15 16:51:49,477:INFO: Loss 2.0538
2020-07-15 16:51:50,765:INFO: --- Epoch 20/60 Batch 20 ---
2020-07-15 16:51:50,765:INFO: Loss 2.1551
2020-07-15 16:51:52,192:INFO: --- Epoch 21/60 Batch 10 ---
2020-07-15 16:51:52,193:INFO: Loss 1.9999
2020-07-15 16:51:53,461:INFO: --- Epoch 21/60 Batch 20 ---
2020-07-15 16:51:53,461:INFO: Loss 2.1446
2020-07-15 16:51:54,849:INFO: --- Epoch 22/60 Batch 10 ---
2020-07-15 16:51:54,849:INFO: Loss 1.9840
2020-07-15 16:51:56,129:INFO: --- Epoch 22/60 Batch 20 ---
2020-07-15 16:51:56,129:INFO: Loss 2.1224
2020-07-15 16:51:57,559:INFO: --- Epoch 23/60 Batch 10 ---
2020-07-15 16:51:57,559:INFO: Loss 1.9674
2020-07-15 16:51:58,840:INFO: --- Epoch 23/60 Batch 20 ---
2020-07-15 16:51:58,840:INFO: Loss 2.0810
2020-07-15 16:52:00,220:INFO: --- Epoch 24/60 Batch 10 ---
2020-07-15 16:52:00,220:INFO: Loss 1.9372
2020-07-15 16:52:01,495:INFO: --- Epoch 24/60 Batch 20 ---
2020-07-15 16:52:01,495:INFO: Loss 2.0570
2020-07-15 16:52:02,902:INFO: --- Epoch 25/60 Batch 10 ---
2020-07-15 16:52:02,902:INFO: Loss 1.8835
2020-07-15 16:52:04,182:INFO: --- Epoch 25/60 Batch 20 ---
2020-07-15 16:52:04,182:INFO: Loss 2.0516
2020-07-15 16:52:05,590:INFO: --- Epoch 26/60 Batch 10 ---
2020-07-15 16:52:05,590:INFO: Loss 1.8441
2020-07-15 16:52:06,851:INFO: --- Epoch 26/60 Batch 20 ---
2020-07-15 16:52:06,851:INFO: Loss 2.0130
2020-07-15 16:52:08,274:INFO: --- Epoch 27/60 Batch 10 ---
2020-07-15 16:52:08,274:INFO: Loss 1.8565
2020-07-15 16:52:09,544:INFO: --- Epoch 27/60 Batch 20 ---
2020-07-15 16:52:09,544:INFO: Loss 2.2802
2020-07-15 16:52:10,934:INFO: --- Epoch 28/60 Batch 10 ---
2020-07-15 16:52:10,934:INFO: Loss 1.8339
2020-07-15 16:52:12,196:INFO: --- Epoch 28/60 Batch 20 ---
2020-07-15 16:52:12,196:INFO: Loss 1.9647
2020-07-15 16:52:13,608:INFO: --- Epoch 29/60 Batch 10 ---
2020-07-15 16:52:13,608:INFO: Loss 1.9047
2020-07-15 16:52:14,879:INFO: --- Epoch 29/60 Batch 20 ---
2020-07-15 16:52:14,879:INFO: Loss 1.9486
2020-07-15 16:52:16,257:INFO: --- Epoch 30/60 Batch 10 ---
2020-07-15 16:52:16,257:INFO: Loss 1.7908
2020-07-15 16:52:17,525:INFO: --- Epoch 30/60 Batch 20 ---
2020-07-15 16:52:17,525:INFO: Loss 1.9152
2020-07-15 16:52:18,944:INFO: --- Epoch 31/60 Batch 10 ---
2020-07-15 16:52:18,944:INFO: Loss 1.7770
2020-07-15 16:52:20,238:INFO: --- Epoch 31/60 Batch 20 ---
2020-07-15 16:52:20,238:INFO: Loss 1.8929
2020-07-15 16:52:21,627:INFO: --- Epoch 32/60 Batch 10 ---
2020-07-15 16:52:21,627:INFO: Loss 1.7369
2020-07-15 16:52:22,906:INFO: --- Epoch 32/60 Batch 20 ---
2020-07-15 16:52:22,906:INFO: Loss 1.9000
2020-07-15 16:52:24,340:INFO: --- Epoch 33/60 Batch 10 ---
2020-07-15 16:52:24,340:INFO: Loss 1.7140
2020-07-15 16:52:25,625:INFO: --- Epoch 33/60 Batch 20 ---
2020-07-15 16:52:25,625:INFO: Loss 1.8545
2020-07-15 16:52:27,015:INFO: --- Epoch 34/60 Batch 10 ---
2020-07-15 16:52:27,015:INFO: Loss 1.7175
2020-07-15 16:52:28,292:INFO: --- Epoch 34/60 Batch 20 ---
2020-07-15 16:52:28,292:INFO: Loss 1.8472
2020-07-15 16:52:29,740:INFO: --- Epoch 35/60 Batch 10 ---
2020-07-15 16:52:29,740:INFO: Loss 1.7167
2020-07-15 16:52:31,134:INFO: --- Epoch 35/60 Batch 20 ---
2020-07-15 16:52:31,134:INFO: Loss 1.8455
2020-07-15 16:52:32,608:INFO: --- Epoch 36/60 Batch 10 ---
2020-07-15 16:52:32,608:INFO: Loss 1.6721
2020-07-15 16:52:33,967:INFO: --- Epoch 36/60 Batch 20 ---
2020-07-15 16:52:33,967:INFO: Loss 1.8107
2020-07-15 16:52:35,441:INFO: --- Epoch 37/60 Batch 10 ---
2020-07-15 16:52:35,441:INFO: Loss 1.6518
2020-07-15 16:52:36,829:INFO: --- Epoch 37/60 Batch 20 ---
2020-07-15 16:52:36,829:INFO: Loss 1.7996
2020-07-15 16:52:38,296:INFO: --- Epoch 38/60 Batch 10 ---
2020-07-15 16:52:38,296:INFO: Loss 1.7292
2020-07-15 16:52:39,612:INFO: --- Epoch 38/60 Batch 20 ---
2020-07-15 16:52:39,613:INFO: Loss 1.7751
2020-07-15 16:52:41,081:INFO: --- Epoch 39/60 Batch 10 ---
2020-07-15 16:52:41,081:INFO: Loss 1.6387
2020-07-15 16:52:42,457:INFO: --- Epoch 39/60 Batch 20 ---
2020-07-15 16:52:42,457:INFO: Loss 1.7535
2020-07-15 16:52:43,884:INFO: --- Epoch 40/60 Batch 10 ---
2020-07-15 16:52:43,884:INFO: Loss 1.6387
2020-07-15 16:52:45,240:INFO: --- Epoch 40/60 Batch 20 ---
2020-07-15 16:52:45,240:INFO: Loss 1.7636
2020-07-15 16:52:46,704:INFO: --- Epoch 41/60 Batch 10 ---
2020-07-15 16:52:46,704:INFO: Loss 1.7779
2020-07-15 16:52:48,109:INFO: --- Epoch 41/60 Batch 20 ---
2020-07-15 16:52:48,109:INFO: Loss 1.7570
2020-07-15 16:52:49,556:INFO: --- Epoch 42/60 Batch 10 ---
2020-07-15 16:52:49,556:INFO: Loss 1.6019
2020-07-15 16:52:50,893:INFO: --- Epoch 42/60 Batch 20 ---
2020-07-15 16:52:50,893:INFO: Loss 1.7124
2020-07-15 16:52:52,327:INFO: --- Epoch 43/60 Batch 10 ---
2020-07-15 16:52:52,327:INFO: Loss 1.5962
2020-07-15 16:52:53,706:INFO: --- Epoch 43/60 Batch 20 ---
2020-07-15 16:52:53,706:INFO: Loss 1.7219
2020-07-15 16:52:55,182:INFO: --- Epoch 44/60 Batch 10 ---
2020-07-15 16:52:55,182:INFO: Loss 1.5926
2020-07-15 16:52:56,520:INFO: --- Epoch 44/60 Batch 20 ---
2020-07-15 16:52:56,520:INFO: Loss 1.7234
2020-07-15 16:52:57,942:INFO: --- Epoch 45/60 Batch 10 ---
2020-07-15 16:52:57,942:INFO: Loss 1.5608
2020-07-15 16:52:59,295:INFO: --- Epoch 45/60 Batch 20 ---
2020-07-15 16:52:59,295:INFO: Loss 1.6715
2020-07-15 16:53:00,725:INFO: --- Epoch 46/60 Batch 10 ---
2020-07-15 16:53:00,725:INFO: Loss 1.5751
2020-07-15 16:53:02,035:INFO: --- Epoch 46/60 Batch 20 ---
2020-07-15 16:53:02,035:INFO: Loss 1.7551
2020-07-15 16:53:03,462:INFO: --- Epoch 47/60 Batch 10 ---
2020-07-15 16:53:03,462:INFO: Loss 1.5680
2020-07-15 16:53:04,816:INFO: --- Epoch 47/60 Batch 20 ---
2020-07-15 16:53:04,816:INFO: Loss 1.6539
2020-07-15 16:53:06,235:INFO: --- Epoch 48/60 Batch 10 ---
2020-07-15 16:53:06,235:INFO: Loss 1.5242
2020-07-15 16:53:07,505:INFO: --- Epoch 48/60 Batch 20 ---
2020-07-15 16:53:07,505:INFO: Loss 1.6457
2020-07-15 16:53:08,906:INFO: --- Epoch 49/60 Batch 10 ---
2020-07-15 16:53:08,906:INFO: Loss 1.5241
2020-07-15 16:53:10,210:INFO: --- Epoch 49/60 Batch 20 ---
2020-07-15 16:53:10,210:INFO: Loss 1.6632
2020-07-15 16:53:11,598:INFO: --- Epoch 50/60 Batch 10 ---
2020-07-15 16:53:11,598:INFO: Loss 1.5048
2020-07-15 16:53:12,872:INFO: --- Epoch 50/60 Batch 20 ---
2020-07-15 16:53:12,872:INFO: Loss 1.6217
2020-07-15 16:53:14,244:INFO: --- Epoch 51/60 Batch 10 ---
2020-07-15 16:53:14,245:INFO: Loss 1.5120
2020-07-15 16:53:15,548:INFO: --- Epoch 51/60 Batch 20 ---
2020-07-15 16:53:15,548:INFO: Loss 1.5976
2020-07-15 16:53:16,930:INFO: --- Epoch 52/60 Batch 10 ---
2020-07-15 16:53:16,930:INFO: Loss 1.4874
2020-07-15 16:53:18,197:INFO: --- Epoch 52/60 Batch 20 ---
2020-07-15 16:53:18,197:INFO: Loss 1.6002
2020-07-15 16:53:19,612:INFO: --- Epoch 53/60 Batch 10 ---
2020-07-15 16:53:19,612:INFO: Loss 1.4768
2020-07-15 16:53:20,933:INFO: --- Epoch 53/60 Batch 20 ---
2020-07-15 16:53:20,933:INFO: Loss 1.5701
2020-07-15 16:53:22,329:INFO: --- Epoch 54/60 Batch 10 ---
2020-07-15 16:53:22,329:INFO: Loss 1.4742
2020-07-15 16:53:23,612:INFO: --- Epoch 54/60 Batch 20 ---
2020-07-15 16:53:23,612:INFO: Loss 1.5773
2020-07-15 16:53:24,991:INFO: --- Epoch 55/60 Batch 10 ---
2020-07-15 16:53:24,991:INFO: Loss 1.4573
2020-07-15 16:53:26,272:INFO: --- Epoch 55/60 Batch 20 ---
2020-07-15 16:53:26,272:INFO: Loss 1.5450
2020-07-15 16:53:27,687:INFO: --- Epoch 56/60 Batch 10 ---
2020-07-15 16:53:27,687:INFO: Loss 1.4658
2020-07-15 16:53:28,967:INFO: --- Epoch 56/60 Batch 20 ---
2020-07-15 16:53:28,967:INFO: Loss 1.5623
2020-07-15 16:53:30,346:INFO: --- Epoch 57/60 Batch 10 ---
2020-07-15 16:53:30,346:INFO: Loss 1.4344
2020-07-15 16:53:31,612:INFO: --- Epoch 57/60 Batch 20 ---
2020-07-15 16:53:31,612:INFO: Loss 1.5399
2020-07-15 16:53:33,030:INFO: --- Epoch 58/60 Batch 10 ---
2020-07-15 16:53:33,030:INFO: Loss 1.4232
2020-07-15 16:53:34,312:INFO: --- Epoch 58/60 Batch 20 ---
2020-07-15 16:53:34,312:INFO: Loss 1.5353
2020-07-15 16:53:35,777:INFO: --- Epoch 59/60 Batch 10 ---
2020-07-15 16:53:35,777:INFO: Loss 1.4312
2020-07-15 16:53:37,048:INFO: --- Epoch 59/60 Batch 20 ---
2020-07-15 16:53:37,048:INFO: Loss 1.5085
2020-07-15 16:53:38,480:INFO: --- Epoch 60/60 Batch 10 ---
2020-07-15 16:53:38,480:INFO: Loss 1.4473
2020-07-15 16:53:39,754:INFO: --- Epoch 60/60 Batch 20 ---
2020-07-15 16:53:39,754:INFO: Loss 1.4835
